0 info it worked if it ends with ok
1 verbose cli [ '/Users/jonny/.nvm/versions/node/v4.3.2/bin/node',
1 verbose cli   '/Users/Jonny/.nvm/versions/node/v4.3.2/bin/npm',
1 verbose cli   'publish' ]
2 info using npm@2.14.12
3 info using node@v4.3.2
4 verbose publish [ '.' ]
5 silly cache add args [ '.', null ]
6 verbose cache add spec .
7 silly cache add parsed spec Result {
7 silly cache add   raw: '.',
7 silly cache add   scope: null,
7 silly cache add   name: null,
7 silly cache add   rawSpec: '.',
7 silly cache add   spec: '/Users/jonny/trussle/trussle-logging',
7 silly cache add   type: 'directory' }
8 verbose addLocalDirectory /Users/jonny/.npm/trussle-logging/1.1.3/package.tgz not in flight; packing
9 verbose tar pack [ '/Users/jonny/.npm/trussle-logging/1.1.3/package.tgz',
9 verbose tar pack   '/Users/jonny/trussle/trussle-logging' ]
10 verbose tarball /Users/jonny/.npm/trussle-logging/1.1.3/package.tgz
11 verbose folder /Users/jonny/trussle/trussle-logging
12 info prepublish trussle-logging@1.1.3
13 verbose addLocalTarball adding from inside cache /Users/jonny/.npm/trussle-logging/1.1.3/package.tgz
14 silly cache afterAdd trussle-logging@1.1.3
15 verbose afterAdd /Users/jonny/.npm/trussle-logging/1.1.3/package/package.json not in flight; writing
16 verbose afterAdd /Users/jonny/.npm/trussle-logging/1.1.3/package/package.json written
17 silly publish { name: 'trussle-logging',
17 silly publish   version: '1.1.3',
17 silly publish   description: 'A simple logging library by Trussle, that one day will more than likely become an overcomplicated beast',
17 silly publish   main: 'lib/index.js',
17 silly publish   scripts: { test: 'mocha \'lib/**/*.spec.js\' && eslint .' },
17 silly publish   repository:
17 silly publish    { type: 'git',
17 silly publish      url: 'git+ssh://git@github.com/trussle/trussle-logging.git' },
17 silly publish   author: { name: 'Trussle' },
17 silly publish   license: 'ISC',
17 silly publish   devDependencies:
17 silly publish    { eslint: '^3.3.1',
17 silly publish      'eslint-config-trussle': '^2.0.0',
17 silly publish      mocha: '^3.0.2',
17 silly publish      should: '^11.1.0',
17 silly publish      'should-sinon': '0.0.5',
17 silly publish      sinon: '^1.17.6' },
17 silly publish   dependencies: { lodash: '^4.16.2', moment: '^2.15.1' },
17 silly publish   readme: '# trussle-logging\n\n---\n\nA simple library for all things logging.\n\n---\n##Simplest Usage\n\n```js\nvar log = require("trussle-logging")("MyComponent");\n```\n\nIf you are going for the simplest usage you will need to set the **NODE_LOG_LEVEL** Environment Variable\n\n\n---\n\n```bash\nexport NODE_LOG_LEVEL=DEBUG\n```\n\n---\n##Advanced Usage\n\nIf you are going for some advanced usage you there are several options\n\n```js\n{\n  source: "ComponentName", // Name for component useful for navigating to your js file\n  transport: new TransportClass(), // Logging transport can also be an array, default is console transport\n  level: "INFO", //See log sevels, if not set the the NODE_LOG_LEVEL environment will be used.\n  formatter: (logData) => `${logData.message}` //See Formatters\n}\n```\n\n###Log Levels\n* TRACE\n* DEBUG\n* INFO\n* WARN\n* ERROR\n* CRITICAL\n* NONE\n\n###Transports\n\nThe default Transport logs to the console.\nIf you want to write to own trasport then it will have to comply with the following interface.\n\n```js\n{\n  trace(message),\n  debug(message),\n  info(message),\n  warn(message),\n  error(message),\n  critical(message)\n}\n```\n\n###Templates\n\nTemplates are functions that take a logData object and return the output to be sent to the transport.\n\nThe logData Object has these properies\n\n```js\n{\n  timestamp, // A moment object of the current utc time\n  source, // The source component of the log\n  level, //The log level\n  message // The original log message\n}\n```\n\nFor more info on moment objects check out [momentjs](http://momentjs.com/)\n\nIf no formatter is chosen then the default will be chosen.\n```js\n\n(logData) => `(${logData.source}) [${logData.level}] ${logData.message}`;\n\n```\n\n###Multiple Logs\n\nIf your usecase requires you to have multiple logs seperate log files for INFO and ERROR logs for instance (*only the ConsoleTransport at this time so if you need to log to a file you\'ll need to roll your own transport class*) then you can add a variants property to your config, this will create a wrapper logger that will delegate to multiple loggers.\n\n```js\n{\n  source: "ComponentName",\n  level: "INFO",\n  variants: [\n    {\n      level: "ERROR",\n      transport: new MyCustomTransport()\n    }\n  ]\n}\n```\n',
17 silly publish   readmeFilename: 'README.md',
17 silly publish   gitHead: '4c0cef7778cf0bc72e1b8d325d7185e045d104a1',
17 silly publish   bugs: { url: 'https://github.com/trussle/trussle-logging/issues' },
17 silly publish   homepage: 'https://github.com/trussle/trussle-logging#readme',
17 silly publish   _id: 'trussle-logging@1.1.3',
17 silly publish   _shasum: '599c68362a439591ed52fc673ceab4cfceee22e3',
17 silly publish   _from: '.' }
18 verbose getPublishConfig undefined
19 silly mapToRegistry name trussle-logging
20 silly mapToRegistry using default registry
21 silly mapToRegistry registry https://registry.npmjs.org/
22 silly mapToRegistry uri https://registry.npmjs.org/trussle-logging
23 verbose publish registryBase https://registry.npmjs.org/
24 silly publish uploading /Users/jonny/.npm/trussle-logging/1.1.3/package.tgz
25 verbose request uri https://registry.npmjs.org/trussle-logging
26 verbose request sending authorization for write operation
27 info attempt registry request try #1 at 3:08:21 PM
28 verbose request using bearer token for auth
29 verbose request id 73e40f7de6a8dcef
30 http request PUT https://registry.npmjs.org/trussle-logging
31 http 403 https://registry.npmjs.org/trussle-logging
32 verbose headers { 'content-type': 'application/json',
32 verbose headers   'cache-control': 'max-age=300',
32 verbose headers   'content-length': '109',
32 verbose headers   'accept-ranges': 'bytes',
32 verbose headers   date: 'Tue, 11 Oct 2016 14:08:22 GMT',
32 verbose headers   via: '1.1 varnish',
32 verbose headers   connection: 'keep-alive',
32 verbose headers   'x-served-by': 'cache-lhr6349-LHR',
32 verbose headers   'x-cache': 'MISS',
32 verbose headers   'x-cache-hits': '0',
32 verbose headers   'x-timer': 'S1476194901.426991,VS0,VE703',
32 verbose headers   vary: 'Accept-Encoding' }
33 verbose request invalidating /Users/jonny/.npm/registry.npmjs.org/trussle-logging on PUT
34 error publish Failed PUT 403
35 verbose stack Error: you do not have permission to publish "trussle-logging". Are you logged in as the correct user? : trussle-logging
35 verbose stack     at makeError (/Users/Jonny/.nvm/versions/node/v4.3.2/lib/node_modules/npm/node_modules/npm-registry-client/lib/request.js:264:12)
35 verbose stack     at CachingRegistryClient.<anonymous> (/Users/Jonny/.nvm/versions/node/v4.3.2/lib/node_modules/npm/node_modules/npm-registry-client/lib/request.js:252:14)
35 verbose stack     at Request._callback (/Users/Jonny/.nvm/versions/node/v4.3.2/lib/node_modules/npm/node_modules/npm-registry-client/lib/request.js:172:14)
35 verbose stack     at Request.self.callback (/Users/Jonny/.nvm/versions/node/v4.3.2/lib/node_modules/npm/node_modules/request/request.js:198:22)
35 verbose stack     at emitTwo (events.js:87:13)
35 verbose stack     at Request.emit (events.js:172:7)
35 verbose stack     at Request.<anonymous> (/Users/Jonny/.nvm/versions/node/v4.3.2/lib/node_modules/npm/node_modules/request/request.js:1082:10)
35 verbose stack     at emitOne (events.js:82:20)
35 verbose stack     at Request.emit (events.js:169:7)
35 verbose stack     at IncomingMessage.<anonymous> (/Users/Jonny/.nvm/versions/node/v4.3.2/lib/node_modules/npm/node_modules/request/request.js:1009:12)
36 verbose statusCode 403
37 verbose pkgid trussle-logging
38 verbose cwd /Users/jonny/trussle/trussle-logging
39 error Darwin 15.6.0
40 error argv "/Users/jonny/.nvm/versions/node/v4.3.2/bin/node" "/Users/Jonny/.nvm/versions/node/v4.3.2/bin/npm" "publish"
41 error node v4.3.2
42 error npm  v2.14.12
43 error code E403
44 error you do not have permission to publish "trussle-logging". Are you logged in as the correct user? : trussle-logging
45 error If you need help, you may report this error at:
45 error     <https://github.com/npm/npm/issues>
46 verbose exit [ 1, true ]
